<?xml version="1.0" encoding="UTF-8"?>
<!-- Generated by org.testng.reporters.JUnitReportReporter -->
<testsuite hostname="Kinnes" failures="0" tests="5" name="testNgBasics._01_LearnAttributes1" time="0.035" errors="0" timestamp="2025-07-25T22:49:54 IST" skipped="0">
  <testcase classname="testNgBasics._01_LearnAttributes1" name="signOut" time="0.016"/>
  <testcase classname="testNgBasics._01_LearnAttributes1" name="singUp" time="0.011"/>
  <testcase classname="testNgBasics._01_LearnAttributes1" name="login" time="0.003"/>
  <testcase classname="testNgBasics._01_LearnAttributes1" name="searchProduct" time="0.002"/>
  <testcase classname="testNgBasics._01_LearnAttributes1" name="addToCart" time="0.003"/>
</testsuite> <!-- testNgBasics._01_LearnAttributes1 -->
