<?xml version="1.0" encoding="UTF-8"?>
<!-- Generated by org.testng.reporters.JUnitReportReporter -->
<testsuite hostname="Kinnes" failures="0" tests="1" name="testNgBasics._20_LearnFindElements" time="6.351" errors="0" timestamp="2025-07-25T22:35:23 IST" skipped="0">
  <testcase classname="testNgBasics._20_LearnFindElements" name="main" time="6.351"/>
</testsuite> <!-- testNgBasics._20_LearnFindElements -->
