<?xml version="1.0" encoding="UTF-8"?>
<!-- Generated by org.testng.reporters.JUnitReportReporter -->
<testsuite hostname="Kinnes" failures="0" tests="2" name="testNgBasics._07_LearnParameters" time="14.632" errors="0" timestamp="2025-07-28T00:31:00 IST" skipped="0">
  <testcase classname="testNgBasics._07_LearnParameters" name="test" time="7.310"/>
  <testcase classname="testNgBasics._07_LearnParameters" name="test" time="7.322"/>
</testsuite> <!-- testNgBasics._07_LearnParameters -->
