<?xml version="1.0" encoding="UTF-8"?>
<!-- Generated by org.testng.reporters.JUnitReportReporter -->
<testsuite hostname="Kinnes" failures="0" tests="1" name="org.learn.test.GoogleTest" time="24.911" errors="0" timestamp="2025-07-31T01:28:14 IST" skipped="0">
  <testcase classname="org.learn.test.GoogleTest" name="searchKinnes" time="24.911"/>
</testsuite> <!-- org.learn.test.GoogleTest -->
