<?xml version="1.0" encoding="UTF-8"?>
<!-- Generated by org.testng.reporters.JUnitReportReporter -->
<testsuite hostname="Kinnes" failures="0" tests="2" name="learnAnnotations._01_TestNgFlow" time="0.015" errors="0" timestamp="2025-07-29T00:21:32 IST" skipped="0">
  <testcase classname="learnAnnotations._01_TestNgFlow" name="myTest2" time="0.003"/>
  <testcase classname="learnAnnotations._01_TestNgFlow" name="myTest1" time="0.012"/>
</testsuite> <!-- learnAnnotations._01_TestNgFlow -->
