<?xml version="1.0" encoding="UTF-8"?>
<!-- Generated by org.testng.reporters.JUnitReportReporter -->
<testsuite hostname="Kinnes" failures="0" tests="1" name="org.learn.test.TC001Login" time="6.335" errors="0" timestamp="2025-07-30T01:00:10 IST" skipped="0">
  <testcase classname="org.learn.test.TC001Login" name="loginTest" time="6.335"/>
</testsuite> <!-- org.learn.test.TC001Login -->
