<?xml version="1.0" encoding="UTF-8"?>
<!-- Generated by org.testng.reporters.JUnitReportReporter -->
<testsuite hostname="Kinnes" failures="0" tests="1" name="testNgBasics._21_LearnWindowHandling" time="16.897" errors="0" timestamp="2025-07-25T22:35:23 IST" skipped="0">
  <testcase classname="testNgBasics._21_LearnWindowHandling" name="windowHandling" time="16.897"/>
</testsuite> <!-- testNgBasics._21_LearnWindowHandling -->
