<?xml version="1.0" encoding="UTF-8"?>
<!-- Generated by org.testng.reporters.JUnitReportReporter -->
<testsuite hostname="Kinnes" failures="0" tests="2" name="testNgBasics._08_LeanDataProvider" time="14.112" errors="0" timestamp="2025-07-28T00:56:47 IST" skipped="0">
  <testcase classname="testNgBasics._08_LeanDataProvider" name="test" time="7.104"/>
  <testcase classname="testNgBasics._08_LeanDataProvider" name="test" time="7.008"/>
</testsuite> <!-- testNgBasics._08_LeanDataProvider -->
