<?xml version="1.0" encoding="UTF-8"?>
<!-- Generated by org.testng.reporters.JUnitReportReporter -->
<testsuite hostname="Kinnes" failures="0" tests="3" name="testNgBasics._08_LeanDataProvider" time="30.556" errors="0" timestamp="2025-07-28T23:53:12 IST" skipped="0">
  <testcase classname="testNgBasics._08_LeanDataProvider" name="test" time="11.469"/>
  <testcase classname="testNgBasics._08_LeanDataProvider" name="test" time="10.953"/>
  <testcase classname="testNgBasics._08_LeanDataProvider" name="test" time="8.134"/>
</testsuite> <!-- testNgBasics._08_LeanDataProvider -->
