<?xml version="1.0" encoding="UTF-8"?>
<!-- Generated by org.testng.reporters.JUnitReportReporter -->
<testsuite hostname="Kinnes" failures="0" tests="1" name="org.learn.utils.MyTest" time="0.018" errors="0" timestamp="2025-08-07T18:14:47 IST" skipped="0">
  <testcase classname="org.learn.utils.MyTest" name="myTest" time="0.018"/>
</testsuite> <!-- org.learn.utils.MyTest -->
