<?xml version="1.0" encoding="UTF-8"?>
<!-- Generated by org.testng.reporters.JUnitReportReporter -->
<testsuite hostname="Kinnes" failures="0" tests="2" name="org.learn.test.TC001Login" time="18.035" errors="0" timestamp="2025-07-30T01:53:05 IST" skipped="0">
  <testcase classname="org.learn.test.TC001Login" name="loginTest" time="7.578"/>
  <testcase classname="org.learn.test.TC001Login" name="loginTest" time="10.457"/>
</testsuite> <!-- org.learn.test.TC001Login -->
