<?xml version="1.0" encoding="UTF-8"?>
<!-- Generated by org.testng.reporters.JUnitReportReporter -->
<testsuite hostname="Kinnes" failures="0" tests="1" name="testNgBasics._03_LearnAttributes3" time="14.794" errors="0" timestamp="2025-07-25T23:27:58 IST" skipped="0">
  <testcase classname="testNgBasics._03_LearnAttributes3" name="main" time="14.794"/>
</testsuite> <!-- testNgBasics._03_LearnAttributes3 -->
