<?xml version="1.0" encoding="UTF-8"?>
<!-- Generated by org.testng.reporters.JUnitReportReporter -->
<testsuite hostname="Kinnes" failures="0" tests="2" name="testNgBasics._08_LeanDataProvider" time="19.869" errors="0" timestamp="2025-07-28T01:26:20 IST" skipped="0">
  <testcase classname="testNgBasics._08_LeanDataProvider" name="test" time="9.419"/>
  <testcase classname="testNgBasics._08_LeanDataProvider" name="test" time="10.450"/>
</testsuite> <!-- testNgBasics._08_LeanDataProvider -->
