<?xml version="1.0" encoding="UTF-8"?>
<!-- Generated by org.testng.reporters.JUnitReportReporter -->
<testsuite hostname="Kinnes" failures="0" tests="2" name="testNgBasics._06_LerarnGroups" time="0.013" errors="0" timestamp="2025-07-27T23:27:34 IST" skipped="0">
  <testcase classname="testNgBasics._06_LerarnGroups" name="login" time="0.011"/>
  <testcase classname="testNgBasics._06_LerarnGroups" name="signOut" time="0.002"/>
</testsuite> <!-- testNgBasics._06_LerarnGroups -->
