<?xml version="1.0" encoding="UTF-8"?>
<!-- Generated by org.testng.reporters.JUnitReportReporter -->
<testsuite hostname="Kinnes" failures="0" tests="1" name="org.learn.test.TC002Login" time="5.621" errors="0" timestamp="2025-07-30T01:00:10 IST" skipped="0">
  <testcase classname="org.learn.test.TC002Login" name="loginTest" time="5.621"/>
</testsuite> <!-- org.learn.test.TC002Login -->
