<?xml version="1.0" encoding="UTF-8"?>
<!-- Generated by org.testng.reporters.JUnitReportReporter -->
<testsuite hostname="Kinnes" failures="0" tests="1" name="testNgBasics._05_LearnAttributes5" time="4.968" errors="0" timestamp="2025-07-27T22:20:31 IST" skipped="0">
  <testcase classname="testNgBasics._05_LearnAttributes5" name="main" time="4.968"/>
</testsuite> <!-- testNgBasics._05_LearnAttributes5 -->
